\BOOKMARK [1][-]{section.1}{\376\377\0001\000\040\000X\000t\000a\000l\000O\000p\000t\000\040\000T\000u\000t\000o\000r\000i\000a\000l}{}% 1
\BOOKMARK [2][-]{subsection.1.1}{\376\377\0001\000.\0001\000\040\000C\000o\000n\000t\000e\000n\000t\000s}{section.1}% 2
\BOOKMARK [2][-]{subsection.1.2}{\376\377\0001\000.\0002\000\040\000L\000a\000u\000n\000c\000h\000\040\000X\000t\000a\000l\000O\000p\000t}{section.1}% 3
\BOOKMARK [2][-]{subsection.1.3}{\376\377\0001\000.\0003\000\040\000E\000n\000t\000e\000r\000\040\000c\000o\000m\000p\000o\000s\000i\000t\000i\000o\000n\000\040\000a\000n\000d\000\040\000r\000e\000s\000t\000r\000a\000i\000n\000t\000s}{section.1}% 4
\BOOKMARK [2][-]{subsection.1.4}{\376\377\0001\000.\0004\000\040\000O\000p\000t\000i\000m\000i\000z\000e\000r\000\040\000s\000e\000t\000u\000p}{section.1}% 5
\BOOKMARK [3][-]{subsubsection.1.4.1}{\376\377\0001\000.\0004\000.\0001\000\040\000V\000A\000S\000P}{subsection.1.4}% 6
\BOOKMARK [3][-]{subsubsection.1.4.2}{\376\377\0001\000.\0004\000.\0002\000\040\000G\000U\000L\000P}{subsection.1.4}% 7
\BOOKMARK [3][-]{subsubsection.1.4.3}{\376\377\0001\000.\0004\000.\0003\000\040\000P\000W\000s\000c\000f}{subsection.1.4}% 8
\BOOKMARK [3][-]{subsubsection.1.4.4}{\376\377\0001\000.\0004\000.\0004\000\040\000C\000A\000S\000T\000E\000P}{subsection.1.4}% 9
\BOOKMARK [3][-]{subsubsection.1.4.5}{\376\377\0001\000.\0004\000.\0005\000\040\000S\000I\000E\000S\000T\000A}{subsection.1.4}% 10
\BOOKMARK [2][-]{subsection.1.5}{\376\377\0001\000.\0005\000\040\000Q\000u\000e\000u\000e\000\040\000s\000e\000t\000u\000p}{section.1}% 11
\BOOKMARK [3][-]{subsubsection.1.5.1}{\376\377\0001\000.\0005\000.\0001\000\040\000U\000s\000i\000n\000g\000\040\000a\000\040\000r\000e\000m\000o\000t\000e\000\040\000P\000B\000S\000\040\000c\000l\000u\000s\000t\000e\000r}{subsection.1.5}% 12
\BOOKMARK [3][-]{subsubsection.1.5.2}{\376\377\0001\000.\0005\000.\0002\000\040\000U\000s\000i\000n\000g\000\040\000a\000\040\000r\000e\000m\000o\000t\000e\000\040\000S\000G\000E\000\040\000c\000l\000u\000s\000t\000e\000r}{subsection.1.5}% 13
\BOOKMARK [3][-]{subsubsection.1.5.3}{\376\377\0001\000.\0005\000.\0003\000\040\000U\000s\000i\000n\000g\000\040\000a\000\040\000r\000e\000m\000o\000t\000e\000\040\000S\000L\000U\000R\000M\000\040\000c\000l\000u\000s\000t\000e\000r}{subsection.1.5}% 14
\BOOKMARK [3][-]{subsubsection.1.5.4}{\376\377\0001\000.\0005\000.\0004\000\040\000U\000s\000i\000n\000g\000\040\000a\000\040\000r\000e\000m\000o\000t\000e\000\040\000L\000S\000F\000\040\000c\000l\000u\000s\000t\000e\000r}{subsection.1.5}% 15
\BOOKMARK [3][-]{subsubsection.1.5.5}{\376\377\0001\000.\0005\000.\0005\000\040\000U\000s\000i\000n\000g\000\040\000a\000\040\000r\000e\000m\000o\000t\000e\000\040\000L\000o\000a\000d\000L\000e\000v\000e\000l\000e\000r\000\040\000c\000l\000u\000s\000t\000e\000r}{subsection.1.5}% 16
\BOOKMARK [3][-]{subsubsection.1.5.6}{\376\377\0001\000.\0005\000.\0006\000\040\000R\000u\000n\000n\000i\000n\000g\000\040\000o\000p\000t\000i\000m\000a\000t\000i\000o\000n\000s\000\040\000l\000o\000c\000a\000l\000l\000y}{subsection.1.5}% 17
\BOOKMARK [2][-]{subsection.1.6}{\376\377\0001\000.\0006\000\040\000W\000h\000a\000t\000\040\000i\000s\000\040\000w\000r\000i\000t\000t\000e\000n\000\040\000t\000o\000\040\000t\000h\000e\000\040\000l\000o\000c\000a\000l\000\040\000d\000i\000r\000e\000c\000t\000o\000r\000y\000?}{section.1}% 18
\BOOKMARK [2][-]{subsection.1.7}{\376\377\0001\000.\0007\000\040\000S\000e\000a\000r\000c\000h\000\040\000S\000e\000t\000t\000i\000n\000g\000s}{section.1}% 19
\BOOKMARK [2][-]{subsection.1.8}{\376\377\0001\000.\0008\000\040\000`\000\250\000B\000e\000g\000i\000n\000`\000\250}{section.1}% 20
\BOOKMARK [2][-]{subsection.1.9}{\376\377\0001\000.\0009\000\040\000M\000o\000n\000i\000t\000o\000r\000\040\000p\000r\000o\000g\000r\000e\000s\000s}{section.1}% 21
\BOOKMARK [3][-]{subsubsection.1.9.1}{\376\377\0001\000.\0009\000.\0001\000\040\000V\000i\000e\000w\000\040\000t\000r\000e\000n\000d\000s}{subsection.1.9}% 22
\BOOKMARK [1][-]{section.2}{\376\377\0002\000\040\000S\000a\000v\000i\000n\000g\000\040\000a\000n\000d\000\040\000R\000e\000s\000u\000m\000i\000n\000g\000\040\000S\000e\000s\000s\000i\000o\000n\000s\000\040\000i\000n\000\040\000X\000t\000a\000l\000O\000p\000t}{}% 23
\BOOKMARK [2][-]{subsection.2.1}{\376\377\0002\000.\0001\000\040\000C\000o\000n\000t\000e\000n\000t\000s}{section.2}% 24
\BOOKMARK [2][-]{subsection.2.2}{\376\377\0002\000.\0002\000\040\000H\000o\000w\000\040\000t\000o\000\040\000s\000a\000v\000e\000\040\000y\000o\000u\000r\000\040\000s\000e\000s\000s\000i\000o\000n}{section.2}% 25
\BOOKMARK [2][-]{subsection.2.3}{\376\377\0002\000.\0003\000\040\000H\000o\000w\000\040\000t\000o\000\040\000r\000e\000s\000u\000m\000e\000\040\000y\000o\000u\000r\000\040\000s\000e\000s\000s\000i\000o\000n}{section.2}% 26
\BOOKMARK [1][-]{section.3}{\376\377\0003\000\040\000O\000p\000t\000i\000m\000i\000z\000a\000t\000i\000o\000n\000\040\000S\000c\000h\000e\000m\000e\000s}{}% 27
\BOOKMARK [2][-]{subsection.3.1}{\376\377\0003\000.\0001\000\040\000C\000o\000n\000t\000e\000n\000t\000s}{section.3}% 28
\BOOKMARK [2][-]{subsection.3.2}{\376\377\0003\000.\0002\000\040\000O\000v\000e\000r\000v\000i\000e\000w\000:\000\040\000W\000h\000a\000t\000\040\000a\000r\000e\000\040\000o\000p\000t\000i\000m\000i\000m\000i\000z\000a\000t\000i\000o\000n\000\040\000s\000c\000h\000e\000m\000e\000s\000,\000\040\000a\000n\000d\000\040\000w\000h\000y\000\040\000u\000s\000e\000\040\000t\000h\000e\000m\000?}{section.3}% 29
\BOOKMARK [3][-]{subsubsection.3.2.1}{\376\377\0003\000.\0002\000.\0001\000\040\000I\000n\000\040\000a\000\040\000n\000u\000t\000s\000h\000e\000l\000l\000.\000.}{subsection.3.2}% 30
\BOOKMARK [3][-]{subsubsection.3.2.2}{\376\377\0003\000.\0002\000.\0002\000\040\000M\000o\000r\000e\000\040\000d\000e\000t\000a\000i\000l\000s}{subsection.3.2}% 31
\BOOKMARK [2][-]{subsection.3.3}{\376\377\0003\000.\0003\000\040\000O\000p\000t\000i\000m\000i\000z\000a\000t\000i\000o\000n\000\040\000s\000c\000h\000e\000m\000e\000\040\000u\000s\000e\000r\000\040\000i\000n\000t\000e\000r\000f\000a\000c\000e}{section.3}% 32
\BOOKMARK [3][-]{subsubsection.3.3.1}{\376\377\0003\000.\0003\000.\0001\000\040\000O\000p\000t\000i\000m\000i\000z\000a\000t\000i\000o\000n\000\040\000s\000t\000e\000p\000\040\000l\000i\000s\000t}{subsection.3.3}% 33
\BOOKMARK [3][-]{subsubsection.3.3.2}{\376\377\0003\000.\0003\000.\0002\000\040\000A\000d\000d\000\040\000n\000e\000w\000\040\000o\000p\000t\000i\000m\000i\000z\000a\000t\000i\000o\000n\000\040\000s\000t\000e\000p}{subsection.3.3}% 34
\BOOKMARK [3][-]{subsubsection.3.3.3}{\376\377\0003\000.\0003\000.\0003\000\040\000R\000e\000m\000o\000v\000e\000\040\000c\000u\000r\000r\000e\000n\000t\000\040\000o\000p\000t\000i\000m\000i\000z\000a\000t\000i\000o\000n\000\040\000s\000t\000e\000p}{subsection.3.3}% 35
\BOOKMARK [3][-]{subsubsection.3.3.4}{\376\377\0003\000.\0003\000.\0004\000\040\000S\000e\000l\000e\000c\000t\000\040\000t\000e\000m\000p\000l\000a\000t\000e}{subsection.3.3}% 36
\BOOKMARK [3][-]{subsubsection.3.3.5}{\376\377\0003\000.\0003\000.\0005\000\040\000T\000e\000m\000p\000l\000a\000t\000e\000\040\000e\000d\000i\000t\000o\000r}{subsection.3.3}% 37
\BOOKMARK [3][-]{subsubsection.3.3.6}{\376\377\0003\000.\0003\000.\0006\000\040\000S\000a\000v\000e\000\040\000s\000c\000h\000e\000m\000e}{subsection.3.3}% 38
\BOOKMARK [3][-]{subsubsection.3.3.7}{\376\377\0003\000.\0003\000.\0007\000\040\000R\000e\000s\000u\000m\000e\000\040\000s\000c\000h\000e\000m\000e}{subsection.3.3}% 39
\BOOKMARK [2][-]{subsection.3.4}{\376\377\0003\000.\0004\000\040\000H\000o\000w\000\040\000t\000o\000\040\000b\000u\000i\000l\000d\000\040\000a\000n\000\040\000o\000p\000t\000i\000m\000i\000z\000a\000t\000i\000o\000n\000\040\000s\000c\000h\000e\000m\000e\000?}{section.3}% 40
\BOOKMARK [2][-]{subsection.3.5}{\376\377\0003\000.\0005\000\040\000H\000o\000w\000\040\000t\000o\000\040\000s\000a\000v\000e\000\040\000a\000n\000\040\000o\000p\000t\000i\000m\000i\000z\000a\000t\000i\000o\000n\000\040\000s\000c\000h\000e\000m\000e\000\040\000f\000o\000r\000\040\000l\000a\000t\000e\000r\000?}{section.3}% 41
\BOOKMARK [2][-]{subsection.3.6}{\376\377\0003\000.\0006\000\040\000H\000o\000w\000\040\000t\000o\000\040\000l\000o\000a\000d\000\040\000a\000n\000\040\000o\000p\000t\000i\000m\000i\000z\000a\000t\000i\000o\000n\000\040\000s\000c\000h\000e\000m\000e\000?}{section.3}% 42
\BOOKMARK [2][-]{subsection.3.7}{\376\377\0003\000.\0007\000\040\000W\000h\000a\000t\000\040\000i\000s\000\040\000s\000a\000v\000e\000d\000?}{section.3}% 43
\BOOKMARK [2][-]{subsection.3.8}{\376\377\0003\000.\0008\000\040\000S\000u\000g\000g\000e\000s\000t\000i\000o\000n\000s\000\040\000f\000o\000r\000\040\000o\000p\000t\000i\000m\000i\000z\000a\000t\000i\000o\000n\000\040\000s\000c\000h\000e\000m\000e\000s}{section.3}% 44
\BOOKMARK [3][-]{subsubsection.3.8.1}{\376\377\0003\000.\0008\000.\0001\000\040\000C\000r\000y\000s\000t\000a\000l\000s\000\040\000\050\000X\000t\000a\000l\000O\000p\000t\000\051}{subsection.3.8}% 45
